<?xml version="1.0" encoding="UTF-8"?>
<!-- Generated by org.testng.reporters.JUnitReportReporter -->
<testsuite hostname="dasha-Yoga-13" name="Tests.LoginTest" tests="1" failures="0" timestamp="31 Oct 2015 17:54:19 GMT" time="11.124" errors="0">
  <testcase name="test1" time="11.124" classname="Tests.LoginTest"/>
</testsuite> <!-- Tests.LoginTest -->
